<?xml version="1.0" encoding="UTF-8"?>
<testng-results skipped="0" failed="0" ignored="0" total="2" passed="2">
  <reporter-output>
  </reporter-output>
  <suite name="Default suite" duration-ms="188607" started-at="2018-03-26T04:54:24Z" finished-at="2018-03-26T04:57:33Z">
    <groups>
    </groups>
    <test name="Default test" duration-ms="188607" started-at="2018-03-26T04:54:24Z" finished-at="2018-03-26T04:57:33Z">
      <class name="Newowner.annotation.TestExcelData">
        <test-method status="PASS" signature="setup()[pri:0, instance:Newowner.annotation.TestExcelData@76b10754]" name="setup" is-config="true" duration-ms="105369" started-at="2018-03-26T10:24:26Z" finished-at="2018-03-26T10:26:12Z">
          <reporter-output>
          </reporter-output>
        </test-method> <!-- setup -->
        <test-method status="PASS" signature="Addownertest(java.lang.String, java.lang.String, java.lang.String, java.lang.String, java.lang.String)[pri:0, instance:Newowner.annotation.TestExcelData@76b10754]" name="Addownertest" duration-ms="39130" started-at="2018-03-26T10:26:12Z" data-provider="getTesdata" finished-at="2018-03-26T10:26:51Z">
          <params>
            <param index="0">
              <value>
                <![CDATA[kjhjk]]>
              </value>
            </param>
            <param index="1">
              <value>
                <![CDATA[lj]]>
              </value>
            </param>
            <param index="2">
              <value>
                <![CDATA[ojl]]>
              </value>
            </param>
            <param index="3">
              <value>
                <![CDATA[kjk]]>
              </value>
            </param>
            <param index="4">
              <value>
                <![CDATA[44]]>
              </value>
            </param>
          </params>
          <reporter-output>
          </reporter-output>
        </test-method> <!-- Addownertest -->
        <test-method status="PASS" signature="setup()[pri:0, instance:Newowner.annotation.TestExcelData@76b10754]" name="setup" is-config="true" duration-ms="31387" started-at="2018-03-26T10:26:51Z" finished-at="2018-03-26T10:27:22Z">
          <reporter-output>
          </reporter-output>
        </test-method> <!-- setup -->
        <test-method status="PASS" signature="Addownertest(java.lang.String, java.lang.String, java.lang.String, java.lang.String, java.lang.String)[pri:0, instance:Newowner.annotation.TestExcelData@76b10754]" name="Addownertest" duration-ms="10884" started-at="2018-03-26T10:27:22Z" data-provider="getTesdata" finished-at="2018-03-26T10:27:33Z">
          <params>
            <param index="0">
              <value>
                <![CDATA[khjjk]]>
              </value>
            </param>
            <param index="1">
              <value>
                <![CDATA[nbvbn]]>
              </value>
            </param>
            <param index="2">
              <value>
                <![CDATA[bm]]>
              </value>
            </param>
            <param index="3">
              <value>
                <![CDATA[mm]]>
              </value>
            </param>
            <param index="4">
              <value>
                <![CDATA[32]]>
              </value>
            </param>
          </params>
          <reporter-output>
          </reporter-output>
        </test-method> <!-- Addownertest -->
      </class> <!-- Newowner.annotation.TestExcelData -->
    </test> <!-- Default test -->
  </suite> <!-- Default suite -->
</testng-results>
